<?xml version="1.0" encoding="UTF-8"?>
<testsuite xmlns:xsi="http://www.w3.org/2001/XMLSchema-instance" xsi:schemaLocation="https://maven.apache.org/surefire/maven-surefire-plugin/xsd/surefire-test-report.xsd" name="TestSuite" time="88.189" tests="3" errors="0" skipped="0" failures="2">
  <properties>
[...]
</properties>
  <testcase name="testApp" classname="OodlesDB.AppTest" time="0.153"/>
  <testcase name="verifyaddproject" classname="OodlesDB.ProjectTest" time="23.882">
    <failure message="unknown error: Element &lt;button ng-if=&quot;isAdmin&quot; class=&quot;btn btn-primary width-150 gap30 margin25 ng-scope&quot; id=&quot;opener&quot; ng-click=&quot;createPortfolio()&quot;&gt;...&lt;/button&gt; is not clickable at point (1026, 254). Other element would receive the click: &lt;div tabindex=&quot;-1&quot; class=&quot;modal fade xx-dialogaddPortfolio in&quot; ng-class=&quot;{in: animate}&quot; ng-style=&quot;{&apos;z-index&apos;: 1050 + index*10, display: &apos;block&apos;}&quot; ng-click=&quot;close($event)&quot; modal-window=&quot;&quot; window-class=&quot;xx-dialogaddPortfolio&quot; index=&quot;0&quot; style=&quot;z-index: 1050; display: block;&quot;&gt;...&lt;/div&gt;&#10;  (Session info: chrome=71.0.3578.98)&#10;  (Driver info: chromedriver=2.44.609551 (5d576e9a44fe4c5b6a07e568f1ebc753f1214634),platform=Linux 4.8.0-36-generic x86_64) (WARNING: The server did not provide any stacktrace information)&#10;Command duration or timeout: 0 milliseconds&#10;Build info: version: &apos;3.141.5&apos;, revision: &apos;d54ebd709a&apos;, time: &apos;2018-11-06T11:42:16&apos;&#10;System info: host: &apos;vivek&apos;, ip: &apos;127.0.1.1&apos;, os.name: &apos;Linux&apos;, os.arch: &apos;amd64&apos;, os.version: &apos;4.8.0-36-generic&apos;, java.version: &apos;1.8.0_191&apos;&#10;Driver info: org.openqa.selenium.chrome.ChromeDriver&#10;Capabilities {acceptInsecureCerts: false, acceptSslCerts: false, applicationCacheEnabled: false, browserConnectionEnabled: false, browserName: chrome, chrome: {chromedriverVersion: 2.44.609551 (5d576e9a44fe4c..., userDataDir: /tmp/.org.chromium.Chromium...}, cssSelectorsEnabled: true, databaseEnabled: false, goog:chromeOptions: {debuggerAddress: localhost:34641}, handlesAlerts: true, hasTouchScreen: false, javascriptEnabled: true, locationContextEnabled: true, mobileEmulationEnabled: false, nativeEvents: true, networkConnectionEnabled: false, pageLoadStrategy: normal, platform: LINUX, platformName: LINUX, rotatable: false, setWindowRect: true, takesHeapSnapshot: true, takesScreenshot: true, unexpectedAlertBehaviour: ignore, unhandledPromptBehavior: ignore, version: 71.0.3578.98, webStorageEnabled: true}&#10;Session ID: a6b8a2c59cb414d5e82c197289e55372" type="org.openqa.selenium.WebDriverException"><![CDATA[org.openqa.selenium.WebDriverException: 
unknown error: Element <button ng-if="isAdmin" class="btn btn-primary width-150 gap30 margin25 ng-scope" id="opener" ng-click="createPortfolio()">...</button> is not clickable at point (1026, 254). Other element would receive the click: <div tabindex="-1" class="modal fade xx-dialogaddPortfolio in" ng-class="{in: animate}" ng-style="{'z-index': 1050 + index*10, display: 'block'}" ng-click="close($event)" modal-window="" window-class="xx-dialogaddPortfolio" index="0" style="z-index: 1050; display: block;">...</div>
  (Session info: chrome=71.0.3578.98)
  (Driver info: chromedriver=2.44.609551 (5d576e9a44fe4c5b6a07e568f1ebc753f1214634),platform=Linux 4.8.0-36-generic x86_64) (WARNING: The server did not provide any stacktrace information)
Command duration or timeout: 0 milliseconds
Build info: version: '3.141.5', revision: 'd54ebd709a', time: '2018-11-06T11:42:16'
System info: host: 'vivek', ip: '127.0.1.1', os.name: 'Linux', os.arch: 'amd64', os.version: '4.8.0-36-generic', java.version: '1.8.0_191'
Driver info: org.openqa.selenium.chrome.ChromeDriver
Capabilities {acceptInsecureCerts: false, acceptSslCerts: false, applicationCacheEnabled: false, browserConnectionEnabled: false, browserName: chrome, chrome: {chromedriverVersion: 2.44.609551 (5d576e9a44fe4c..., userDataDir: /tmp/.org.chromium.Chromium...}, cssSelectorsEnabled: true, databaseEnabled: false, goog:chromeOptions: {debuggerAddress: localhost:34641}, handlesAlerts: true, hasTouchScreen: false, javascriptEnabled: true, locationContextEnabled: true, mobileEmulationEnabled: false, nativeEvents: true, networkConnectionEnabled: false, pageLoadStrategy: normal, platform: LINUX, platformName: LINUX, rotatable: false, setWindowRect: true, takesHeapSnapshot: true, takesScreenshot: true, unexpectedAlertBehaviour: ignore, unhandledPromptBehavior: ignore, version: 71.0.3578.98, webStorageEnabled: true}
Session ID: a6b8a2c59cb414d5e82c197289e55372
	at OodlesDB.ProjectTest.verifyaddproject(ProjectTest.java:52)
]]></failure>
    <system-out><![CDATA[16:35:19.262 [main] INFO  OodlesDB.ProjectTest - Login successful
16:35:19.262 [main] ERROR OodlesDB.ProjectTest - Login failed
16:35:20.176 [main] INFO  OodlesDB.ProjectTest - Clicked on project
16:35:20.641 [main] INFO  OodlesDB.ProjectTest - Clicked on view project
16:35:28.638 [main] INFO  OodlesDB.ProjectTest - Clicked on Add project button
]]></system-out>
  </testcase>
  <testcase name="verifyValidChat" classname="OodlesDB.ChatTest" time="11.049">
    <failure message="unknown error: Element &lt;button class=&quot;btn btn-primary&quot; onclick=&quot;open_panel()&quot; id=&quot;sidebar&quot; style=&quot;padding: 10px 16px;font-size: 20px;border-radius: 6px;&quot;&gt;...&lt;/button&gt; is not clickable at point (1281, 593). Other element would receive the click: &lt;div class=&quot;container-fluid main-content ng-scope&quot;&gt;...&lt;/div&gt;&#10;  (Session info: chrome=71.0.3578.98)&#10;  (Driver info: chromedriver=2.44.609551 (5d576e9a44fe4c5b6a07e568f1ebc753f1214634),platform=Linux 4.8.0-36-generic x86_64) (WARNING: The server did not provide any stacktrace information)&#10;Command duration or timeout: 0 milliseconds&#10;Build info: version: &apos;3.141.5&apos;, revision: &apos;d54ebd709a&apos;, time: &apos;2018-11-06T11:42:16&apos;&#10;System info: host: &apos;vivek&apos;, ip: &apos;127.0.1.1&apos;, os.name: &apos;Linux&apos;, os.arch: &apos;amd64&apos;, os.version: &apos;4.8.0-36-generic&apos;, java.version: &apos;1.8.0_191&apos;&#10;Driver info: org.openqa.selenium.chrome.ChromeDriver&#10;Capabilities {acceptInsecureCerts: false, acceptSslCerts: false, applicationCacheEnabled: false, browserConnectionEnabled: false, browserName: chrome, chrome: {chromedriverVersion: 2.44.609551 (5d576e9a44fe4c..., userDataDir: /tmp/.org.chromium.Chromium...}, cssSelectorsEnabled: true, databaseEnabled: false, goog:chromeOptions: {debuggerAddress: localhost:36387}, handlesAlerts: true, hasTouchScreen: false, javascriptEnabled: true, locationContextEnabled: true, mobileEmulationEnabled: false, nativeEvents: true, networkConnectionEnabled: false, pageLoadStrategy: normal, platform: LINUX, platformName: LINUX, rotatable: false, setWindowRect: true, takesHeapSnapshot: true, takesScreenshot: true, unexpectedAlertBehaviour: ignore, unhandledPromptBehavior: ignore, version: 71.0.3578.98, webStorageEnabled: true}&#10;Session ID: ade2f68cc262a0f592120c698364f5fc" type="org.openqa.selenium.WebDriverException"><![CDATA[org.openqa.selenium.WebDriverException: 
unknown error: Element <button class="btn btn-primary" onclick="open_panel()" id="sidebar" style="padding: 10px 16px;font-size: 20px;border-radius: 6px;">...</button> is not clickable at point (1281, 593). Other element would receive the click: <div class="container-fluid main-content ng-scope">...</div>
  (Session info: chrome=71.0.3578.98)
  (Driver info: chromedriver=2.44.609551 (5d576e9a44fe4c5b6a07e568f1ebc753f1214634),platform=Linux 4.8.0-36-generic x86_64) (WARNING: The server did not provide any stacktrace information)
Command duration or timeout: 0 milliseconds
Build info: version: '3.141.5', revision: 'd54ebd709a', time: '2018-11-06T11:42:16'
System info: host: 'vivek', ip: '127.0.1.1', os.name: 'Linux', os.arch: 'amd64', os.version: '4.8.0-36-generic', java.version: '1.8.0_191'
Driver info: org.openqa.selenium.chrome.ChromeDriver
Capabilities {acceptInsecureCerts: false, acceptSslCerts: false, applicationCacheEnabled: false, browserConnectionEnabled: false, browserName: chrome, chrome: {chromedriverVersion: 2.44.609551 (5d576e9a44fe4c..., userDataDir: /tmp/.org.chromium.Chromium...}, cssSelectorsEnabled: true, databaseEnabled: false, goog:chromeOptions: {debuggerAddress: localhost:36387}, handlesAlerts: true, hasTouchScreen: false, javascriptEnabled: true, locationContextEnabled: true, mobileEmulationEnabled: false, nativeEvents: true, networkConnectionEnabled: false, pageLoadStrategy: normal, platform: LINUX, platformName: LINUX, rotatable: false, setWindowRect: true, takesHeapSnapshot: true, takesScreenshot: true, unexpectedAlertBehaviour: ignore, unhandledPromptBehavior: ignore, version: 71.0.3578.98, webStorageEnabled: true}
Session ID: ade2f68cc262a0f592120c698364f5fc
	at OodlesDB.ChatTest.verifyValidChat(ChatTest.java:33)
]]></failure>
  </testcase>
</testsuite>