<?xml version="1.0" encoding="UTF-8"?>
<testng-results skipped="0" failed="0" total="1" passed="1">
  <reporter-output>
  </reporter-output>
  <suite name="Default suite" duration-ms="9152" started-at="2019-03-14T10:39:38Z" finished-at="2019-03-14T10:39:47Z">
    <groups>
    </groups>
    <test name="Default test" duration-ms="9152" started-at="2019-03-14T10:39:38Z" finished-at="2019-03-14T10:39:47Z">
      <class name="OodlesDB.codereviewtest">
        <test-method status="PASS" signature="initialize()[pri:0, instance:OodlesDB.codereviewtest@441772e]" name="initialize" is-config="true" duration-ms="3041" started-at="2019-03-14T16:09:38Z" finished-at="2019-03-14T16:09:41Z">
          <reporter-output>
          </reporter-output>
        </test-method> <!-- initialize -->
        <test-method status="PASS" signature="delete()[pri:0, instance:OodlesDB.codereviewtest@441772e]" name="delete" duration-ms="6090" started-at="2019-03-14T16:09:41Z" finished-at="2019-03-14T16:09:47Z">
          <reporter-output>
          </reporter-output>
        </test-method> <!-- delete -->
      </class> <!-- OodlesDB.codereviewtest -->
    </test> <!-- Default test -->
  </suite> <!-- Default suite -->
</testng-results>
