<?xml version="1.0" encoding="UTF-8"?>
<testng-results skipped="0" failed="0" total="1" passed="1">
  <reporter-output>
  </reporter-output>
  <suite name="Default suite" duration-ms="39127" started-at="2019-02-15T07:55:40Z" finished-at="2019-02-15T07:56:19Z">
    <groups>
    </groups>
    <test name="Default test" duration-ms="39127" started-at="2019-02-15T07:55:40Z" finished-at="2019-02-15T07:56:19Z">
      <class name="OodlesDB.Salestest">
        <test-method status="PASS" signature="initialize()[pri:0, instance:OodlesDB.Salestest@9597028]" name="initialize" is-config="true" duration-ms="13900" started-at="2019-02-15T13:25:40Z" finished-at="2019-02-15T13:25:54Z">
          <reporter-output>
          </reporter-output>
        </test-method> <!-- initialize -->
        <test-method status="PASS" signature="verifyPaginationonleadpage()[pri:0, instance:OodlesDB.Salestest@9597028]" name="verifyPaginationonleadpage" duration-ms="25171" started-at="2019-02-15T13:25:54Z" finished-at="2019-02-15T13:26:19Z">
          <reporter-output>
          </reporter-output>
        </test-method> <!-- verifyPaginationonleadpage -->
      </class> <!-- OodlesDB.Salestest -->
    </test> <!-- Default test -->
  </suite> <!-- Default suite -->
</testng-results>
